This is pdfTeX, Version 3.14159265-2.6-1.40.18 (MiKTeX 2.9.6350 64-bit) (preloaded format=pdflatex 2017.10.31)  15 JUN 2018 22:50
entering extended mode
**./main.tex
(main.tex
LaTeX2e <2017-04-15>
Babel <3.10> and hyphenation patterns for 75 language(s) loaded.
("C:\Program Files\MiKTeX 2.9\tex\latex\extsizes\extarticle.cls"
Document Class: extarticle 1996/10/08 v1.0 Non Standard LaTeX document class
("C:\Program Files\MiKTeX 2.9\tex\latex\base\size12.clo"
File: size12.clo 2014/09/29 v1.4h Standard LaTeX file (size option)
)
("C:\Program Files\MiKTeX 2.9\tex\latex\base\exscale.sty"
Package: exscale 2014/09/29 v2.1h Standard LaTeX package exscale
LaTeX Font Info:    Redeclaring symbol font `largesymbols' on input line 57.
LaTeX Font Info:    Overwriting symbol font `largesymbols' in version `normal'
(Font)                  OMX/cmex/m/n --> OMX/cmex/m/n on input line 57.
LaTeX Font Info:    Overwriting symbol font `largesymbols' in version `bold'
(Font)                  OMX/cmex/m/n --> OMX/cmex/m/n on input line 57.
\big@size=\dimen102
)
\c@part=\count79
\c@section=\count80
\c@subsection=\count81
\c@subsubsection=\count82
\c@paragraph=\count83
\c@subparagraph=\count84
\c@figure=\count85
\c@table=\count86
\abovecaptionskip=\skip41
\belowcaptionskip=\skip42
\bibindent=\dimen103
)
(template/packages.tex
("C:\Program Files\MiKTeX 2.9\tex\latex\lastpage\lastpage.sty"
Package: lastpage 2015/03/29 v1.2m Refers to last page's name (HMM; JPG)
)
("C:\Program Files\MiKTeX 2.9\tex\latex\fancyhdr\extramarks.sty"
Package: extramarks 2017/06/30 v3.9a Extra marks for LaTeX
\@temptokenb=\toks14
)
("C:\Program Files\MiKTeX 2.9\tex\latex\graphics\color.sty"
Package: color 2016/07/10 v1.1e Standard LaTeX Color (DPC)

("C:\Program Files\MiKTeX 2.9\tex\latex\graphics-cfg\color.cfg"
File: color.cfg 2016/01/02 v1.6 sample color configuration
)
Package color Info: Driver file: pdftex.def on input line 147.

("C:\Program Files\MiKTeX 2.9\tex\latex\graphics-def\pdftex.def"
File: pdftex.def 2017/01/12 v0.06k Graphics/color for pdfTeX

("C:\Program Files\MiKTeX 2.9\tex\generic\oberdiek\infwarerr.sty"
Package: infwarerr 2016/05/16 v1.4 Providing info/warning/error messages (HO)
)
("C:\Program Files\MiKTeX 2.9\tex\generic\oberdiek\ltxcmds.sty"
Package: ltxcmds 2016/05/16 v1.23 LaTeX kernel commands for general use (HO)
)
\Gread@gobject=\count87
)
("C:\Program Files\MiKTeX 2.9\tex\latex\graphics\dvipsnam.def"
File: dvipsnam.def 2016/06/17 v3.0m Driver-dependent file (DPC,SPQR)
))
("C:\Program Files\MiKTeX 2.9\tex\latex\graphics\graphicx.sty"
Package: graphicx 2014/10/28 v1.0g Enhanced LaTeX Graphics (DPC,SPQR)

("C:\Program Files\MiKTeX 2.9\tex\latex\graphics\keyval.sty"
Package: keyval 2014/10/28 v1.15 key=value parser (DPC)
\KV@toks@=\toks15
)
("C:\Program Files\MiKTeX 2.9\tex\latex\graphics\graphics.sty"
Package: graphics 2017/04/14 v1.1b Standard LaTeX Graphics (DPC,SPQR)

("C:\Program Files\MiKTeX 2.9\tex\latex\graphics\trig.sty"
Package: trig 2016/01/03 v1.10 sin cos tan (DPC)
)
("C:\Program Files\MiKTeX 2.9\tex\latex\graphics-cfg\graphics.cfg"
File: graphics.cfg 2016/06/04 v1.11 sample graphics configuration
)
Package graphics Info: Driver file: pdftex.def on input line 99.
)
\Gin@req@height=\dimen104
\Gin@req@width=\dimen105
)
("C:\Program Files\MiKTeX 2.9\tex\latex\xcolor\xcolor.sty"
Package: xcolor 2016/05/11 v2.12 LaTeX color extensions (UK)

("C:\Program Files\MiKTeX 2.9\tex\latex\graphics-cfg\color.cfg"
File: color.cfg 2016/01/02 v1.6 sample color configuration
)
Package xcolor Info: Driver file: pdftex.def on input line 225.
LaTeX Info: Redefining \color on input line 709.
Package xcolor Info: Model `cmy' substituted by `cmy0' on input line 1348.
Package xcolor Info: Model `hsb' substituted by `rgb' on input line 1352.
Package xcolor Info: Model `RGB' extended on input line 1364.
Package xcolor Info: Model `HTML' substituted by `rgb' on input line 1366.
Package xcolor Info: Model `Hsb' substituted by `hsb' on input line 1367.
Package xcolor Info: Model `tHsb' substituted by `hsb' on input line 1368.
Package xcolor Info: Model `HSB' substituted by `hsb' on input line 1369.
Package xcolor Info: Model `Gray' substituted by `gray' on input line 1370.
Package xcolor Info: Model `wave' substituted by `hsb' on input line 1371.
)
("C:\Program Files\MiKTeX 2.9\tex\latex\amsmath\amsmath.sty"
Package: amsmath 2016/11/05 v2.16a AMS math features
\@mathmargin=\skip43

For additional information on amsmath, use the `?' option.
("C:\Program Files\MiKTeX 2.9\tex\latex\amsmath\amstext.sty"
Package: amstext 2000/06/29 v2.01 AMS text

("C:\Program Files\MiKTeX 2.9\tex\latex\amsmath\amsgen.sty"
File: amsgen.sty 1999/11/30 v2.0 generic functions
\@emptytoks=\toks16
\ex@=\dimen106
))
("C:\Program Files\MiKTeX 2.9\tex\latex\amsmath\amsbsy.sty"
Package: amsbsy 1999/11/29 v1.2d Bold Symbols
\pmbraise@=\dimen107
)
("C:\Program Files\MiKTeX 2.9\tex\latex\amsmath\amsopn.sty"
Package: amsopn 2016/03/08 v2.02 operator names
)
\inf@bad=\count88
LaTeX Info: Redefining \frac on input line 213.
\uproot@=\count89
\leftroot@=\count90
LaTeX Info: Redefining \overline on input line 375.
\classnum@=\count91
\DOTSCASE@=\count92
LaTeX Info: Redefining \ldots on input line 472.
LaTeX Info: Redefining \dots on input line 475.
LaTeX Info: Redefining \cdots on input line 596.
\Mathstrutbox@=\box26
\strutbox@=\box27
\big@size=\dimen108
LaTeX Font Info:    Redeclaring font encoding OML on input line 712.
LaTeX Font Info:    Redeclaring font encoding OMS on input line 713.
\macc@depth=\count93
\c@MaxMatrixCols=\count94
\dotsspace@=\muskip10
\c@parentequation=\count95
\dspbrk@lvl=\count96
\tag@help=\toks17
\row@=\count97
\column@=\count98
\maxfields@=\count99
\andhelp@=\toks18
\eqnshift@=\dimen109
\alignsep@=\dimen110
\tagshift@=\dimen111
\tagwidth@=\dimen112
\totwidth@=\dimen113
\lineht@=\dimen114
\@envbody=\toks19
\multlinegap=\skip44
\multlinetaggap=\skip45
\mathdisplay@stack=\toks20
LaTeX Info: Redefining \[ on input line 2817.
LaTeX Info: Redefining \] on input line 2818.
)
("C:\Program Files\MiKTeX 2.9\tex\latex\listings\listings.sty"
\lst@mode=\count100
\lst@gtempboxa=\box28
\lst@token=\toks21
\lst@length=\count101
\lst@currlwidth=\dimen115
\lst@column=\count102
\lst@pos=\count103
\lst@lostspace=\dimen116
\lst@width=\dimen117
\lst@newlines=\count104
\lst@lineno=\count105
\lst@maxwidth=\dimen118

("C:\Program Files\MiKTeX 2.9\tex\latex\listings\lstmisc.sty"
File: lstmisc.sty 2015/06/04 1.6 (Carsten Heinz)
\c@lstnumber=\count106
\lst@skipnumbers=\count107
\lst@framebox=\box29
)
("C:\Program Files\MiKTeX 2.9\tex\latex\listings\listings.cfg"
File: listings.cfg 2015/06/04 1.6 listings configuration
))
Package: listings 2015/06/04 1.6 (Carsten Heinz)

("C:\Program Files\MiKTeX 2.9\tex\latex\lipsum\lipsum.sty"
Package: lipsum 2014/07/27 v1.3 150 paragraphs of Lorem Ipsum dummy text
\c@lips@count=\count108
)
("C:\Program Files\MiKTeX 2.9\tex\latex\base\inputenc.sty"
Package: inputenc 2015/03/17 v1.2c Input encoding file
\inpenc@prehook=\toks22
\inpenc@posthook=\toks23

("C:\Program Files\MiKTeX 2.9\tex\latex\base\utf8.def"
File: utf8.def 2017/01/28 v1.1t UTF-8 support for inputenc
Now handling font encoding OML ...
... no UTF-8 mapping file for font encoding OML
Now handling font encoding T1 ...
... processing UTF-8 mapping file for font encoding T1

("C:\Program Files\MiKTeX 2.9\tex\latex\base\t1enc.dfu"
File: t1enc.dfu 2017/01/28 v1.1t UTF-8 support for inputenc
   defining Unicode char U+00A0 (decimal 160)
   defining Unicode char U+00A1 (decimal 161)
   defining Unicode char U+00A3 (decimal 163)
   defining Unicode char U+00AB (decimal 171)
   defining Unicode char U+00AD (decimal 173)
   defining Unicode char U+00BB (decimal 187)
   defining Unicode char U+00BF (decimal 191)
   defining Unicode char U+00C0 (decimal 192)
   defining Unicode char U+00C1 (decimal 193)
   defining Unicode char U+00C2 (decimal 194)
   defining Unicode char U+00C3 (decimal 195)
   defining Unicode char U+00C4 (decimal 196)
   defining Unicode char U+00C5 (decimal 197)
   defining Unicode char U+00C6 (decimal 198)
   defining Unicode char U+00C7 (decimal 199)
   defining Unicode char U+00C8 (decimal 200)
   defining Unicode char U+00C9 (decimal 201)
   defining Unicode char U+00CA (decimal 202)
   defining Unicode char U+00CB (decimal 203)
   defining Unicode char U+00CC (decimal 204)
   defining Unicode char U+00CD (decimal 205)
   defining Unicode char U+00CE (decimal 206)
   defining Unicode char U+00CF (decimal 207)
   defining Unicode char U+00D0 (decimal 208)
   defining Unicode char U+00D1 (decimal 209)
   defining Unicode char U+00D2 (decimal 210)
   defining Unicode char U+00D3 (decimal 211)
   defining Unicode char U+00D4 (decimal 212)
   defining Unicode char U+00D5 (decimal 213)
   defining Unicode char U+00D6 (decimal 214)
   defining Unicode char U+00D8 (decimal 216)
   defining Unicode char U+00D9 (decimal 217)
   defining Unicode char U+00DA (decimal 218)
   defining Unicode char U+00DB (decimal 219)
   defining Unicode char U+00DC (decimal 220)
   defining Unicode char U+00DD (decimal 221)
   defining Unicode char U+00DE (decimal 222)
   defining Unicode char U+00DF (decimal 223)
   defining Unicode char U+00E0 (decimal 224)
   defining Unicode char U+00E1 (decimal 225)
   defining Unicode char U+00E2 (decimal 226)
   defining Unicode char U+00E3 (decimal 227)
   defining Unicode char U+00E4 (decimal 228)
   defining Unicode char U+00E5 (decimal 229)
   defining Unicode char U+00E6 (decimal 230)
   defining Unicode char U+00E7 (decimal 231)
   defining Unicode char U+00E8 (decimal 232)
   defining Unicode char U+00E9 (decimal 233)
   defining Unicode char U+00EA (decimal 234)
   defining Unicode char U+00EB (decimal 235)
   defining Unicode char U+00EC (decimal 236)
   defining Unicode char U+00ED (decimal 237)
   defining Unicode char U+00EE (decimal 238)
   defining Unicode char U+00EF (decimal 239)
   defining Unicode char U+00F0 (decimal 240)
   defining Unicode char U+00F1 (decimal 241)
   defining Unicode char U+00F2 (decimal 242)
   defining Unicode char U+00F3 (decimal 243)
   defining Unicode char U+00F4 (decimal 244)
   defining Unicode char U+00F5 (decimal 245)
   defining Unicode char U+00F6 (decimal 246)
   defining Unicode char U+00F8 (decimal 248)
   defining Unicode char U+00F9 (decimal 249)
   defining Unicode char U+00FA (decimal 250)
   defining Unicode char U+00FB (decimal 251)
   defining Unicode char U+00FC (decimal 252)
   defining Unicode char U+00FD (decimal 253)
   defining Unicode char U+00FE (decimal 254)
   defining Unicode char U+00FF (decimal 255)
   defining Unicode char U+0100 (decimal 256)
   defining Unicode char U+0101 (decimal 257)
   defining Unicode char U+0102 (decimal 258)
   defining Unicode char U+0103 (decimal 259)
   defining Unicode char U+0104 (decimal 260)
   defining Unicode char U+0105 (decimal 261)
   defining Unicode char U+0106 (decimal 262)
   defining Unicode char U+0107 (decimal 263)
   defining Unicode char U+0108 (decimal 264)
   defining Unicode char U+0109 (decimal 265)
   defining Unicode char U+010A (decimal 266)
   defining Unicode char U+010B (decimal 267)
   defining Unicode char U+010C (decimal 268)
   defining Unicode char U+010D (decimal 269)
   defining Unicode char U+010E (decimal 270)
   defining Unicode char U+010F (decimal 271)
   defining Unicode char U+0110 (decimal 272)
   defining Unicode char U+0111 (decimal 273)
   defining Unicode char U+0112 (decimal 274)
   defining Unicode char U+0113 (decimal 275)
   defining Unicode char U+0114 (decimal 276)
   defining Unicode char U+0115 (decimal 277)
   defining Unicode char U+0116 (decimal 278)
   defining Unicode char U+0117 (decimal 279)
   defining Unicode char U+0118 (decimal 280)
   defining Unicode char U+0119 (decimal 281)
   defining Unicode char U+011A (decimal 282)
   defining Unicode char U+011B (decimal 283)
   defining Unicode char U+011C (decimal 284)
   defining Unicode char U+011D (decimal 285)
   defining Unicode char U+011E (decimal 286)
   defining Unicode char U+011F (decimal 287)
   defining Unicode char U+0120 (decimal 288)
   defining Unicode char U+0121 (decimal 289)
   defining Unicode char U+0122 (decimal 290)
   defining Unicode char U+0123 (decimal 291)
   defining Unicode char U+0124 (decimal 292)
   defining Unicode char U+0125 (decimal 293)
   defining Unicode char U+0128 (decimal 296)
   defining Unicode char U+0129 (decimal 297)
   defining Unicode char U+012A (decimal 298)
   defining Unicode char U+012B (decimal 299)
   defining Unicode char U+012C (decimal 300)
   defining Unicode char U+012D (decimal 301)
   defining Unicode char U+012E (decimal 302)
   defining Unicode char U+012F (decimal 303)
   defining Unicode char U+0130 (decimal 304)
   defining Unicode char U+0131 (decimal 305)
   defining Unicode char U+0132 (decimal 306)
   defining Unicode char U+0133 (decimal 307)
   defining Unicode char U+0134 (decimal 308)
   defining Unicode char U+0135 (decimal 309)
   defining Unicode char U+0136 (decimal 310)
   defining Unicode char U+0137 (decimal 311)
   defining Unicode char U+0139 (decimal 313)
   defining Unicode char U+013A (decimal 314)
   defining Unicode char U+013B (decimal 315)
   defining Unicode char U+013C (decimal 316)
   defining Unicode char U+013D (decimal 317)
   defining Unicode char U+013E (decimal 318)
   defining Unicode char U+0141 (decimal 321)
   defining Unicode char U+0142 (decimal 322)
   defining Unicode char U+0143 (decimal 323)
   defining Unicode char U+0144 (decimal 324)
   defining Unicode char U+0145 (decimal 325)
   defining Unicode char U+0146 (decimal 326)
   defining Unicode char U+0147 (decimal 327)
   defining Unicode char U+0148 (decimal 328)
   defining Unicode char U+014A (decimal 330)
   defining Unicode char U+014B (decimal 331)
   defining Unicode char U+014C (decimal 332)
   defining Unicode char U+014D (decimal 333)
   defining Unicode char U+014E (decimal 334)
   defining Unicode char U+014F (decimal 335)
   defining Unicode char U+0150 (decimal 336)
   defining Unicode char U+0151 (decimal 337)
   defining Unicode char U+0152 (decimal 338)
   defining Unicode char U+0153 (decimal 339)
   defining Unicode char U+0154 (decimal 340)
   defining Unicode char U+0155 (decimal 341)
   defining Unicode char U+0156 (decimal 342)
   defining Unicode char U+0157 (decimal 343)
   defining Unicode char U+0158 (decimal 344)
   defining Unicode char U+0159 (decimal 345)
   defining Unicode char U+015A (decimal 346)
   defining Unicode char U+015B (decimal 347)
   defining Unicode char U+015C (decimal 348)
   defining Unicode char U+015D (decimal 349)
   defining Unicode char U+015E (decimal 350)
   defining Unicode char U+015F (decimal 351)
   defining Unicode char U+0160 (decimal 352)
   defining Unicode char U+0161 (decimal 353)
   defining Unicode char U+0162 (decimal 354)
   defining Unicode char U+0163 (decimal 355)
   defining Unicode char U+0164 (decimal 356)
   defining Unicode char U+0165 (decimal 357)
   defining Unicode char U+0168 (decimal 360)
   defining Unicode char U+0169 (decimal 361)
   defining Unicode char U+016A (decimal 362)
   defining Unicode char U+016B (decimal 363)
   defining Unicode char U+016C (decimal 364)
   defining Unicode char U+016D (decimal 365)
   defining Unicode char U+016E (decimal 366)
   defining Unicode char U+016F (decimal 367)
   defining Unicode char U+0170 (decimal 368)
   defining Unicode char U+0171 (decimal 369)
   defining Unicode char U+0172 (decimal 370)
   defining Unicode char U+0173 (decimal 371)
   defining Unicode char U+0174 (decimal 372)
   defining Unicode char U+0175 (decimal 373)
   defining Unicode char U+0176 (decimal 374)
   defining Unicode char U+0177 (decimal 375)
   defining Unicode char U+0178 (decimal 376)
   defining Unicode char U+0179 (decimal 377)
   defining Unicode char U+017A (decimal 378)
   defining Unicode char U+017B (decimal 379)
   defining Unicode char U+017C (decimal 380)
   defining Unicode char U+017D (decimal 381)
   defining Unicode char U+017E (decimal 382)
   defining Unicode char U+01CD (decimal 461)
   defining Unicode char U+01CE (decimal 462)
   defining Unicode char U+01CF (decimal 463)
   defining Unicode char U+01D0 (decimal 464)
   defining Unicode char U+01D1 (decimal 465)
   defining Unicode char U+01D2 (decimal 466)
   defining Unicode char U+01D3 (decimal 467)
   defining Unicode char U+01D4 (decimal 468)
   defining Unicode char U+01E2 (decimal 482)
   defining Unicode char U+01E3 (decimal 483)
   defining Unicode char U+01E6 (decimal 486)
   defining Unicode char U+01E7 (decimal 487)
   defining Unicode char U+01E8 (decimal 488)
   defining Unicode char U+01E9 (decimal 489)
   defining Unicode char U+01EA (decimal 490)
   defining Unicode char U+01EB (decimal 491)
   defining Unicode char U+01F0 (decimal 496)
   defining Unicode char U+01F4 (decimal 500)
   defining Unicode char U+01F5 (decimal 501)
   defining Unicode char U+0218 (decimal 536)
   defining Unicode char U+0219 (decimal 537)
   defining Unicode char U+021A (decimal 538)
   defining Unicode char U+021B (decimal 539)
   defining Unicode char U+0232 (decimal 562)
   defining Unicode char U+0233 (decimal 563)
   defining Unicode char U+1E02 (decimal 7682)
   defining Unicode char U+1E03 (decimal 7683)
   defining Unicode char U+200C (decimal 8204)
   defining Unicode char U+2010 (decimal 8208)
   defining Unicode char U+2011 (decimal 8209)
   defining Unicode char U+2012 (decimal 8210)
   defining Unicode char U+2013 (decimal 8211)
   defining Unicode char U+2014 (decimal 8212)
   defining Unicode char U+2015 (decimal 8213)
   defining Unicode char U+2018 (decimal 8216)
   defining Unicode char U+2019 (decimal 8217)
   defining Unicode char U+201A (decimal 8218)
   defining Unicode char U+201C (decimal 8220)
   defining Unicode char U+201D (decimal 8221)
   defining Unicode char U+201E (decimal 8222)
   defining Unicode char U+2030 (decimal 8240)
   defining Unicode char U+2031 (decimal 8241)
   defining Unicode char U+2039 (decimal 8249)
   defining Unicode char U+203A (decimal 8250)
   defining Unicode char U+2423 (decimal 9251)
   defining Unicode char U+1E20 (decimal 7712)
   defining Unicode char U+1E21 (decimal 7713)
)
Now handling font encoding OT1 ...
... processing UTF-8 mapping file for font encoding OT1

("C:\Program Files\MiKTeX 2.9\tex\latex\base\ot1enc.dfu"
File: ot1enc.dfu 2017/01/28 v1.1t UTF-8 support for inputenc
   defining Unicode char U+00A0 (decimal 160)
   defining Unicode char U+00A1 (decimal 161)
   defining Unicode char U+00A3 (decimal 163)
   defining Unicode char U+00AD (decimal 173)
   defining Unicode char U+00B8 (decimal 184)
   defining Unicode char U+00BF (decimal 191)
   defining Unicode char U+00C5 (decimal 197)
   defining Unicode char U+00C6 (decimal 198)
   defining Unicode char U+00D8 (decimal 216)
   defining Unicode char U+00DF (decimal 223)
   defining Unicode char U+00E6 (decimal 230)
   defining Unicode char U+00EC (decimal 236)
   defining Unicode char U+00ED (decimal 237)
   defining Unicode char U+00EE (decimal 238)
   defining Unicode char U+00EF (decimal 239)
   defining Unicode char U+00F8 (decimal 248)
   defining Unicode char U+0131 (decimal 305)
   defining Unicode char U+0141 (decimal 321)
   defining Unicode char U+0142 (decimal 322)
   defining Unicode char U+0152 (decimal 338)
   defining Unicode char U+0153 (decimal 339)
   defining Unicode char U+0174 (decimal 372)
   defining Unicode char U+0175 (decimal 373)
   defining Unicode char U+0176 (decimal 374)
   defining Unicode char U+0177 (decimal 375)
   defining Unicode char U+0218 (decimal 536)
   defining Unicode char U+0219 (decimal 537)
   defining Unicode char U+021A (decimal 538)
   defining Unicode char U+021B (decimal 539)
   defining Unicode char U+2013 (decimal 8211)
   defining Unicode char U+2014 (decimal 8212)
   defining Unicode char U+2018 (decimal 8216)
   defining Unicode char U+2019 (decimal 8217)
   defining Unicode char U+201C (decimal 8220)
   defining Unicode char U+201D (decimal 8221)
)
Now handling font encoding OMS ...
... processing UTF-8 mapping file for font encoding OMS

("C:\Program Files\MiKTeX 2.9\tex\latex\base\omsenc.dfu"
File: omsenc.dfu 2017/01/28 v1.1t UTF-8 support for inputenc
   defining Unicode char U+00A7 (decimal 167)
   defining Unicode char U+00B6 (decimal 182)
   defining Unicode char U+00B7 (decimal 183)
   defining Unicode char U+2020 (decimal 8224)
   defining Unicode char U+2021 (decimal 8225)
   defining Unicode char U+2022 (decimal 8226)
)
Now handling font encoding OMX ...
... no UTF-8 mapping file for font encoding OMX
Now handling font encoding U ...
... no UTF-8 mapping file for font encoding U
   defining Unicode char U+00A9 (decimal 169)
   defining Unicode char U+00AA (decimal 170)
   defining Unicode char U+00AE (decimal 174)
   defining Unicode char U+00BA (decimal 186)
   defining Unicode char U+02C6 (decimal 710)
   defining Unicode char U+02DC (decimal 732)
   defining Unicode char U+200C (decimal 8204)
   defining Unicode char U+2026 (decimal 8230)
   defining Unicode char U+2122 (decimal 8482)
   defining Unicode char U+2423 (decimal 9251)
))
("C:\Program Files\MiKTeX 2.9\tex\generic\babel\babel.sty"
Package: babel 2017/05/19 3.10 The Babel package

*************************************
* Local config file bblopts.cfg used
*
("C:\Program Files\MiKTeX 2.9\tex\latex\arabi\bblopts.cfg"
File: bblopts.cfg 2005/09/08 v0.1 add Arabic and Farsi to "declared" options of
 babel
)
("C:\Program Files\MiKTeX 2.9\tex\latex\babel-spanish\spanish.ldf"
Language: spanish.ldf 2016/03/03 v5.0p Spanish support from the babel system

("C:\Program Files\MiKTeX 2.9\tex\generic\babel\babel.def"
File: babel.def 2017/05/19 3.10 Babel common definitions
\babel@savecnt=\count109
\U@D=\dimen119
)
\es@quottoks=\toks24
\es@quotdepth=\count110
Package babel Info: Making " an active character on input line 561.
Package babel Info: Making . an active character on input line 662.
Package babel Info: Making < an active character on input line 707.
Package babel Info: Making > an active character on input line 707.
))
("C:\Program Files\MiKTeX 2.9\tex\latex\koma-script\scrbase.sty"
Package: scrbase 2017/09/07 v3.24 KOMA-Script package (KOMA-Script-independent 
basics and keyval usage)

("C:\Program Files\MiKTeX 2.9\tex\latex\koma-script\scrlfile.sty"
Package: scrlfile 2017/09/07 v3.24 KOMA-Script package (loading files)
))
("C:\Program Files\MiKTeX 2.9\tex\latex\hyperref\hyperref.sty"
Package: hyperref 2017/03/14 v6.85a Hypertext links for LaTeX

("C:\Program Files\MiKTeX 2.9\tex\generic\oberdiek\hobsub-hyperref.sty"
Package: hobsub-hyperref 2016/05/16 v1.14 Bundle oberdiek, subset hyperref (HO)


("C:\Program Files\MiKTeX 2.9\tex\generic\oberdiek\hobsub-generic.sty"
Package: hobsub-generic 2016/05/16 v1.14 Bundle oberdiek, subset generic (HO)
Package: hobsub 2016/05/16 v1.14 Construct package bundles (HO)
Package hobsub Info: Skipping package `infwarerr' (already loaded).
Package hobsub Info: Skipping package `ltxcmds' (already loaded).
Package: ifluatex 2016/05/16 v1.4 Provides the ifluatex switch (HO)
Package ifluatex Info: LuaTeX not detected.
Package: ifvtex 2016/05/16 v1.6 Detect VTeX and its facilities (HO)
Package ifvtex Info: VTeX not detected.
Package: intcalc 2016/05/16 v1.2 Expandable calculations with integers (HO)
Package: ifpdf 2017/03/15 v3.2 Provides the ifpdf switch
Package: etexcmds 2016/05/16 v1.6 Avoid name clashes with e-TeX commands (HO)
Package etexcmds Info: Could not find \expanded.
(etexcmds)             That can mean that you are not using pdfTeX 1.50 or
(etexcmds)             that some package has redefined \expanded.
(etexcmds)             In the latter case, load this package earlier.
Package: kvsetkeys 2016/05/16 v1.17 Key value parser (HO)
Package: kvdefinekeys 2016/05/16 v1.4 Define keys (HO)
Package: pdftexcmds 2017/03/19 v0.25 Utility functions of pdfTeX for LuaTeX (HO
)
Package pdftexcmds Info: LuaTeX not detected.
Package pdftexcmds Info: \pdf@primitive is available.
Package pdftexcmds Info: \pdf@ifprimitive is available.
Package pdftexcmds Info: \pdfdraftmode found.
Package: pdfescape 2016/05/16 v1.14 Implements pdfTeX's escape features (HO)
Package: bigintcalc 2016/05/16 v1.4 Expandable calculations on big integers (HO
)
Package: bitset 2016/05/16 v1.2 Handle bit-vector datatype (HO)
Package: uniquecounter 2016/05/16 v1.3 Provide unlimited unique counter (HO)
)
Package hobsub Info: Skipping package `hobsub' (already loaded).
Package: letltxmacro 2016/05/16 v1.5 Let assignment for LaTeX macros (HO)
Package: hopatch 2016/05/16 v1.3 Wrapper for package hooks (HO)
Package: xcolor-patch 2016/05/16 xcolor patch
Package: atveryend 2016/05/16 v1.9 Hooks at the very end of document (HO)
Package atveryend Info: \enddocument detected (standard20110627).
Package: atbegshi 2016/06/09 v1.18 At begin shipout hook (HO)
Package: refcount 2016/05/16 v3.5 Data extraction from label references (HO)
Package: hycolor 2016/05/16 v1.8 Color options for hyperref/bookmark (HO)
)
("C:\Program Files\MiKTeX 2.9\tex\generic\ifxetex\ifxetex.sty"
Package: ifxetex 2010/09/12 v0.6 Provides ifxetex conditional
)
("C:\Program Files\MiKTeX 2.9\tex\latex\oberdiek\auxhook.sty"
Package: auxhook 2016/05/16 v1.4 Hooks for auxiliary files (HO)
)
("C:\Program Files\MiKTeX 2.9\tex\latex\oberdiek\kvoptions.sty"
Package: kvoptions 2016/05/16 v3.12 Key value format for package options (HO)
)
\@linkdim=\dimen120
\Hy@linkcounter=\count111
\Hy@pagecounter=\count112

("C:\Program Files\MiKTeX 2.9\tex\latex\hyperref\pd1enc.def"
File: pd1enc.def 2017/03/14 v6.85a Hyperref: PDFDocEncoding definition (HO)
Now handling font encoding PD1 ...
... no UTF-8 mapping file for font encoding PD1
)
\Hy@SavedSpaceFactor=\count113

("C:\Program Files\MiKTeX 2.9\tex\latex\00miktex\hyperref.cfg"
File: hyperref.cfg 2002/06/06 v1.2 hyperref configuration of TeXLive
)
Package hyperref Info: Hyper figures OFF on input line 4498.
Package hyperref Info: Link nesting OFF on input line 4503.
Package hyperref Info: Hyper index ON on input line 4506.
Package hyperref Info: Plain pages OFF on input line 4513.
Package hyperref Info: Backreferencing OFF on input line 4518.
Package hyperref Info: Implicit mode ON; LaTeX internals redefined.
Package hyperref Info: Bookmarks ON on input line 4751.
\c@Hy@tempcnt=\count114

("C:\Program Files\MiKTeX 2.9\tex\latex\url\url.sty"
\Urlmuskip=\muskip11
Package: url 2013/09/16  ver 3.4  Verb mode for urls, etc.
)
LaTeX Info: Redefining \url on input line 5104.
\XeTeXLinkMargin=\dimen121
\Fld@menulength=\count115
\Field@Width=\dimen122
\Fld@charsize=\dimen123
Package hyperref Info: Hyper figures OFF on input line 6358.
Package hyperref Info: Link nesting OFF on input line 6363.
Package hyperref Info: Hyper index ON on input line 6366.
Package hyperref Info: backreferencing OFF on input line 6373.
Package hyperref Info: Link coloring OFF on input line 6378.
Package hyperref Info: Link coloring with OCG OFF on input line 6383.
Package hyperref Info: PDF/A mode OFF on input line 6388.
LaTeX Info: Redefining \ref on input line 6428.
LaTeX Info: Redefining \pageref on input line 6432.
\Hy@abspage=\count116
\c@Item=\count117
\c@Hfootnote=\count118
)

Package hyperref Message: Driver (autodetected): hpdftex.

("C:\Program Files\MiKTeX 2.9\tex\latex\hyperref\hpdftex.def"
File: hpdftex.def 2017/03/14 v6.85a Hyperref driver for pdfTeX
\Fld@listcount=\count119
\c@bookmark@seq@number=\count120

("C:\Program Files\MiKTeX 2.9\tex\latex\oberdiek\rerunfilecheck.sty"
Package: rerunfilecheck 2016/05/16 v1.8 Rerun checks for auxiliary files (HO)
Package uniquecounter Info: New unique counter `rerunfilecheck' on input line 2
82.
)
\Hy@SectionHShift=\skip46
)
("C:\Program Files\MiKTeX 2.9\tex\latex\bold-extra\bold-extra.sty"
Package: bold-extra 2001/11/13 v0.1 Use fonts from cm/mf-extra/bold
)
("C:\Program Files\MiKTeX 2.9\tex\latex\framed\framed.sty"
Package: framed 2011/10/22 v 0.96: framed or shaded text with page breaks
\OuterFrameSep=\skip47
\fb@frw=\dimen124
\fb@frh=\dimen125
\FrameRule=\dimen126
\FrameSep=\dimen127
)
("C:\Program Files\MiKTeX 2.9\tex\latex\apacite\apacite.sty"
Package: apacite 2013/07/21 v6.03 APA citation
\c@BibCnt=\count121
\bibleftmargin=\skip48
\bibindent=\skip49
\bibparsep=\skip50
\bibitemsep=\skip51
\biblabelsep=\skip52
)
("C:\Program Files\MiKTeX 2.9\tex\latex\footmisc\footmisc.sty"
Package: footmisc 2011/06/06 v5.5b a miscellany of footnote facilities
\FN@temptoken=\toks25
\footnotemargin=\dimen128
\c@pp@next@reset=\count122
Package footmisc Info: Declaring symbol style bringhurst on input line 855.
Package footmisc Info: Declaring symbol style chicago on input line 863.
Package footmisc Info: Declaring symbol style wiley on input line 872.
Package footmisc Info: Declaring symbol style lamport-robust on input line 883.

Package footmisc Info: Declaring symbol style lamport* on input line 903.
Package footmisc Info: Declaring symbol style lamport*-robust on input line 924
.
)
("C:\Program Files\MiKTeX 2.9\tex\latex\enumitem\enumitem.sty"
Package: enumitem 2011/09/28 v3.5.2 Customized lists
\labelindent=\skip53
\enit@outerparindent=\dimen129
\enit@toks=\toks26
\enit@inbox=\box30
\enitdp@description=\count123
)
("C:\Program Files\MiKTeX 2.9\tex\latex\tocloft\tocloft.sty"
Package: tocloft 2017/08/31 v2.3i parameterised ToC, etc., typesetting
Package tocloft Info: The document has section divisions on input line 51.
\cftparskip=\skip54
\cftbeforetoctitleskip=\skip55
\cftaftertoctitleskip=\skip56
\cftbeforepartskip=\skip57
\cftpartnumwidth=\skip58
\cftpartindent=\skip59
\cftbeforesecskip=\skip60
\cftsecindent=\skip61
\cftsecnumwidth=\skip62
\cftbeforesubsecskip=\skip63
\cftsubsecindent=\skip64
\cftsubsecnumwidth=\skip65
\cftbeforesubsubsecskip=\skip66
\cftsubsubsecindent=\skip67
\cftsubsubsecnumwidth=\skip68
\cftbeforeparaskip=\skip69
\cftparaindent=\skip70
\cftparanumwidth=\skip71
\cftbeforesubparaskip=\skip72
\cftsubparaindent=\skip73
\cftsubparanumwidth=\skip74
\cftbeforeloftitleskip=\skip75
\cftafterloftitleskip=\skip76
\cftbeforefigskip=\skip77
\cftfigindent=\skip78
\cftfignumwidth=\skip79
\c@lofdepth=\count124
\c@lotdepth=\count125
\cftbeforelottitleskip=\skip80
\cftafterlottitleskip=\skip81
\cftbeforetabskip=\skip82
\cfttabindent=\skip83
\cfttabnumwidth=\skip84
)
("C:\Program Files\MiKTeX 2.9\tex\latex\oberdiek\epstopdf.sty"
Package: epstopdf 2016/05/15 v2.6 Conversion with epstopdf on the fly (HO)

("C:\Program Files\MiKTeX 2.9\tex\latex\oberdiek\epstopdf-base.sty"
Package: epstopdf-base 2016/05/15 v2.6 Base part for package epstopdf

("C:\Program Files\MiKTeX 2.9\tex\latex\oberdiek\grfext.sty"
Package: grfext 2016/05/16 v1.2 Manage graphics extensions (HO)
)
Package epstopdf-base Info: Redefining graphics rule for `.eps' on input line 4
38.
Package grfext Info: Graphics extension search list:
(grfext)             [.png,.pdf,.jpg,.mps,.jpeg,.jbig2,.jb2,.PNG,.PDF,.JPG,.JPE
G,.JBIG2,.JB2,.eps]
(grfext)             \AppendGraphicsExtensions on input line 456.
))
("C:\Program Files\MiKTeX 2.9\tex\latex\tools\longtable.sty"
Package: longtable 2014/10/28 v4.11 Multi-page Table package (DPC)
\LTleft=\skip85
\LTright=\skip86
\LTpre=\skip87
\LTpost=\skip88
\LTchunksize=\count126
\LTcapwidth=\dimen130
\LT@head=\box31
\LT@firsthead=\box32
\LT@foot=\box33
\LT@lastfoot=\box34
\LT@cols=\count127
\LT@rows=\count128
\c@LT@tables=\count129
\c@LT@chunks=\count130
\LT@p@ftn=\toks27
)
("C:\Program Files\MiKTeX 2.9\tex\latex\fancyhdr\fancyhdr.sty"
Package: fancyhdr 2017/06/30 v3.9a Extensive control of page headers and footer
s
\f@nch@headwidth=\skip89
\f@nch@O@elh=\skip90
\f@nch@O@erh=\skip91
\f@nch@O@olh=\skip92
\f@nch@O@orh=\skip93
\f@nch@O@elf=\skip94
\f@nch@O@erf=\skip95
\f@nch@O@olf=\skip96
\f@nch@O@orf=\skip97
)
("C:\Program Files\MiKTeX 2.9\tex\latex\tools\multicol.sty"
Package: multicol 2017/04/11 v1.8q multicolumn formatting (FMi)
\c@tracingmulticols=\count131
\mult@box=\box35
\multicol@leftmargin=\dimen131
\c@unbalance=\count132
\c@collectmore=\count133
\doublecol@number=\count134
\multicoltolerance=\count135
\multicolpretolerance=\count136
\full@width=\dimen132
\page@free=\dimen133
\premulticols=\dimen134
\postmulticols=\dimen135
\multicolsep=\skip98
\multicolbaselineskip=\skip99
\partial@page=\box36
\last@line=\box37
\maxbalancingoverflow=\dimen136
\mult@rightbox=\box38
\mult@grightbox=\box39
\mult@gfirstbox=\box40
\mult@firstbox=\box41
\@tempa=\box42
\@tempa=\box43
\@tempa=\box44
\@tempa=\box45
\@tempa=\box46
\@tempa=\box47
\@tempa=\box48
\@tempa=\box49
\@tempa=\box50
\@tempa=\box51
\@tempa=\box52
\@tempa=\box53
\@tempa=\box54
\@tempa=\box55
\@tempa=\box56
\@tempa=\box57
\@tempa=\box58
\c@columnbadness=\count137
\c@finalcolumnbadness=\count138
\last@try=\dimen137
\multicolovershoot=\dimen138
\multicolundershoot=\dimen139
\mult@nat@firstbox=\box59
\colbreak@box=\box60
\mc@col@check@num=\count139
)
("C:\Program Files\MiKTeX 2.9\tex\latex\float\float.sty"
Package: float 2001/11/08 v1.3d Float enhancements (AL)
\c@float@type=\count140
\float@exts=\toks28
\float@box=\box61
\@float@everytoks=\toks29
\@floatcapt=\box62
)
("C:\Program Files\MiKTeX 2.9\tex\latex\placeins\placeins.sty"
Package: placeins 2005/04/18  v 2.2
))
("C:\Program Files\MiKTeX 2.9\tex\latex\psnfss\courier.sty"
Package: courier 2005/04/12 PSNFSS-v9.2a (WaS) 
)
("C:\Program Files\MiKTeX 2.9\tex\latex\geometry\geometry.sty"
Package: geometry 2010/09/12 v5.6 Page Geometry
\Gm@cnth=\count141
\Gm@cntv=\count142
\c@Gm@tempcnt=\count143
\Gm@bindingoffset=\dimen140
\Gm@wd@mp=\dimen141
\Gm@odd@mp=\dimen142
\Gm@even@mp=\dimen143
\Gm@layoutwidth=\dimen144
\Gm@layoutheight=\dimen145
\Gm@layouthoffset=\dimen146
\Gm@layoutvoffset=\dimen147
\Gm@dimlist=\toks30

("C:\Program Files\MiKTeX 2.9\tex\latex\geometry\geometry.cfg"))
(template/configs.tex
("C:\Program Files\MiKTeX 2.9\tex\latex\listings\lstlang1.sty"
File: lstlang1.sty 2015/06/04 1.6 listings language file
)) (main.aux
LaTeX Info: Redefining \. on input line 23.
LaTeX Info: Redefining \% on input line 23.
)
\openout1 = `main.aux'.

LaTeX Font Info:    Checking defaults for OML/cmm/m/it on input line 77.
LaTeX Font Info:    ... okay on input line 77.
LaTeX Font Info:    Checking defaults for T1/cmr/m/n on input line 77.
LaTeX Font Info:    ... okay on input line 77.
LaTeX Font Info:    Checking defaults for OT1/cmr/m/n on input line 77.
LaTeX Font Info:    ... okay on input line 77.
LaTeX Font Info:    Checking defaults for OMS/cmsy/m/n on input line 77.
LaTeX Font Info:    ... okay on input line 77.
LaTeX Font Info:    Checking defaults for OMX/cmex/m/n on input line 77.
LaTeX Font Info:    ... okay on input line 77.
LaTeX Font Info:    Checking defaults for U/cmr/m/n on input line 77.
LaTeX Font Info:    ... okay on input line 77.
LaTeX Font Info:    Checking defaults for PD1/pdf/m/n on input line 77.
LaTeX Font Info:    ... okay on input line 77.
Package lastpage Info: Please have a look at the pageslts package at
(lastpage)             https://www.ctan.org/pkg/pageslts
(lastpage)             ! on input line 77.

("C:\Program Files\MiKTeX 2.9\tex\context\base\supp-pdf.mkii"
[Loading MPS to PDF converter (version 2006.09.02).]
\scratchcounter=\count144
\scratchdimen=\dimen148
\scratchbox=\box63
\nofMPsegments=\count145
\nofMParguments=\count146
\everyMPshowfont=\toks31
\MPscratchCnt=\count147
\MPscratchDim=\dimen149
\MPnumerator=\count148
\makeMPintoPDFobject=\count149
\everyMPtoPDFconversion=\toks32
)
\c@lstlisting=\count150
LaTeX Info: Redefining \. on input line 77.
LaTeX Info: Redefining \% on input line 77.
\AtBeginShipoutBox=\box64
Package hyperref Info: Link coloring OFF on input line 77.
 ("C:\Program Files\MiKTeX 2.9\tex\latex\hyperref\nameref.sty"
Package: nameref 2016/05/21 v2.44 Cross-referencing by name of section

("C:\Program Files\MiKTeX 2.9\tex\generic\oberdiek\gettitlestring.sty"
Package: gettitlestring 2016/05/16 v1.5 Cleanup title references (HO)
)
\c@section@level=\count151
)
LaTeX Info: Redefining \ref on input line 77.
LaTeX Info: Redefining \pageref on input line 77.
LaTeX Info: Redefining \nameref on input line 77.

(main.out) (main.out)
\@outlinefile=\write3
\openout3 = `main.out'.

\c@maskedRefs=\count152

("C:\Program Files\MiKTeX 2.9\tex\latex\apacite\spanish.apc"
File: spanish.apc 2013/07/21 v6.03 apacite language file
LaTeX Info: Redefining \BPBI on input line 138.
LaTeX Info: Redefining \BHBI on input line 139.
)
*geometry* driver: auto-detecting
*geometry* detected driver: pdftex
*geometry* verbose mode - [ preamble ] result:
* driver: pdftex
* paper: a4paper
* layout: <same size as paper>
* layoutoffset:(h,v)=(0.0pt,0.0pt)
* modes: 
* h-part:(L,W,R)=(85.35826pt, 426.79135pt, 85.35826pt)
* v-part:(T,H,B)=(71.13188pt, 702.78308pt, 71.13188pt)
* \paperwidth=597.50787pt
* \paperheight=845.04684pt
* \textwidth=426.79135pt
* \textheight=702.78308pt
* \oddsidemargin=13.08827pt
* \evensidemargin=13.08827pt
* \topmargin=-38.1381pt
* \headheight=30.0pt
* \headsep=25.0pt
* \topskip=12.0pt
* \footskip=30.0pt
* \marginparwidth=44.0pt
* \marginparsep=10.0pt
* \columnsep=10.0pt
* \skip\footins=10.8pt plus 4.0pt minus 2.0pt
* \hoffset=0.0pt
* \voffset=0.0pt
* \mag=1000
* \@twocolumnfalse
* \@twosidefalse
* \@mparswitchfalse
* \@reversemarginfalse
* (1in=72.27pt=25.4mm, 1cm=28.453pt)

LaTeX Info: Redefining \sptext on input line 77.
LaTeX Info: Redefining \lsc on input line 77.
LaTeX Info: Redefining \. on input line 77.
LaTeX Info: Redefining \% on input line 77.
LaTeX Info: Redefining \dotlessi on input line 77.
Package scrbase Info: activating spanish \lstlistingname on input line 77.
(template/titlepage.tex
Package babel Info: Redefining spanish shorthand <<
(babel)             in language  on input line 16.
Package babel Info: Redefining spanish shorthand >>
(babel)             in language  on input line 16.
Package babel Info: Redefining spanish shorthand "=
(babel)             in language  on input line 16.
Package babel Info: Redefining spanish shorthand "~
(babel)             in language  on input line 16.
Package babel Info: Redefining spanish shorthand "!
(babel)             in language  on input line 16.
Package babel Info: Redefining spanish shorthand "?
(babel)             in language  on input line 16.
Package babel Info: Redefining spanish shorthand <<
(babel)             in language  on input line 16.
Package babel Info: Redefining spanish shorthand >>
(babel)             in language  on input line 16.
Package babel Info: Redefining spanish shorthand "=
(babel)             in language  on input line 16.
Package babel Info: Redefining spanish shorthand "~
(babel)             in language  on input line 16.
Package babel Info: Redefining spanish shorthand "!
(babel)             in language  on input line 16.
Package babel Info: Redefining spanish shorthand "?
(babel)             in language  on input line 16.
 [1

{C:/ProgramData/MiKTeX/2.9/pdftex/config/pdftex.map}]) (template/toc.tex) (temp
late/beginbody.tex)
Package babel Info: Redefining spanish shorthand <<
(babel)             in language  on input line 85.
Package babel Info: Redefining spanish shorthand >>
(babel)             in language  on input line 85.
Package babel Info: Redefining spanish shorthand "=
(babel)             in language  on input line 85.
Package babel Info: Redefining spanish shorthand "~
(babel)             in language  on input line 85.
Package babel Info: Redefining spanish shorthand "!
(babel)             in language  on input line 85.
Package babel Info: Redefining spanish shorthand "?
(babel)             in language  on input line 85.
 (tex/aspectos.tex
Package babel Info: Redefining spanish shorthand <<
(babel)             in language  on input line 11.
Package babel Info: Redefining spanish shorthand >>
(babel)             in language  on input line 11.
Package babel Info: Redefining spanish shorthand "=
(babel)             in language  on input line 11.
Package babel Info: Redefining spanish shorthand "~
(babel)             in language  on input line 11.
Package babel Info: Redefining spanish shorthand "!
(babel)             in language  on input line 11.
Package babel Info: Redefining spanish shorthand "?
(babel)             in language  on input line 11.
)
Package babel Info: Redefining spanish shorthand <<
(babel)             in language  on input line 89.
Package babel Info: Redefining spanish shorthand >>
(babel)             in language  on input line 89.
Package babel Info: Redefining spanish shorthand "=
(babel)             in language  on input line 89.
Package babel Info: Redefining spanish shorthand "~
(babel)             in language  on input line 89.
Package babel Info: Redefining spanish shorthand "!
(babel)             in language  on input line 89.
Package babel Info: Redefining spanish shorthand "?
(babel)             in language  on input line 89.
 (tex/ej1o.tex
Package babel Info: Redefining spanish shorthand <<
(babel)             in language  on input line 1.
Package babel Info: Redefining spanish shorthand >>
(babel)             in language  on input line 1.
Package babel Info: Redefining spanish shorthand "=
(babel)             in language  on input line 1.
Package babel Info: Redefining spanish shorthand "~
(babel)             in language  on input line 1.
Package babel Info: Redefining spanish shorthand "!
(babel)             in language  on input line 1.
Package babel Info: Redefining spanish shorthand "?
(babel)             in language  on input line 1.
Package babel Info: Redefining spanish shorthand <<
(babel)             in language  on input line 7.
Package babel Info: Redefining spanish shorthand >>
(babel)             in language  on input line 7.
Package babel Info: Redefining spanish shorthand "=
(babel)             in language  on input line 7.
Package babel Info: Redefining spanish shorthand "~
(babel)             in language  on input line 7.
Package babel Info: Redefining spanish shorthand "!
(babel)             in language  on input line 7.
Package babel Info: Redefining spanish shorthand "?
(babel)             in language  on input line 7.
Package babel Info: Redefining spanish shorthand <<
(babel)             in language  on input line 7.
Package babel Info: Redefining spanish shorthand >>
(babel)             in language  on input line 7.
Package babel Info: Redefining spanish shorthand "=
(babel)             in language  on input line 7.
Package babel Info: Redefining spanish shorthand "~
(babel)             in language  on input line 7.
Package babel Info: Redefining spanish shorthand "!
(babel)             in language  on input line 7.
Package babel Info: Redefining spanish shorthand "?
(babel)             in language  on input line 7.

[1]
Package babel Info: Redefining spanish shorthand <<
(babel)             in language  on input line 8.
Package babel Info: Redefining spanish shorthand >>
(babel)             in language  on input line 8.
Package babel Info: Redefining spanish shorthand "=
(babel)             in language  on input line 8.
Package babel Info: Redefining spanish shorthand "~
(babel)             in language  on input line 8.
Package babel Info: Redefining spanish shorthand "!
(babel)             in language  on input line 8.
Package babel Info: Redefining spanish shorthand "?
(babel)             in language  on input line 8.
Package babel Info: Redefining spanish shorthand <<
(babel)             in language  on input line 26.
Package babel Info: Redefining spanish shorthand >>
(babel)             in language  on input line 26.
Package babel Info: Redefining spanish shorthand "=
(babel)             in language  on input line 26.
Package babel Info: Redefining spanish shorthand "~
(babel)             in language  on input line 26.
Package babel Info: Redefining spanish shorthand "!
(babel)             in language  on input line 26.
Package babel Info: Redefining spanish shorthand "?
(babel)             in language  on input line 26.
 ("C:\Program Files\MiKTeX 2.9\tex\latex\listings\lstlang1.sty"
File: lstlang1.sty 2015/06/04 1.6 listings language file
)
("C:\Program Files\MiKTeX 2.9\tex\latex\listings\lstmisc.sty"
File: lstmisc.sty 2015/06/04 1.6 (Carsten Heinz)
)
LaTeX Font Info:    Try loading font information for OT1+pcr on input line 38.

("C:\Program Files\MiKTeX 2.9\tex\latex\psnfss\ot1pcr.fd"
File: ot1pcr.fd 2001/06/04 font definitions for OT1/pcr.
) (code/ej1open.c
LaTeX Font Info:    Try loading font information for T1+pcr on input line 1.

("C:\Program Files\MiKTeX 2.9\tex\latex\psnfss\t1pcr.fd"
File: t1pcr.fd 2001/06/04 font definitions for T1/pcr.
)

Package xcolor Warning: Incompatible color definition on input line 2.


Package xcolor Warning: Incompatible color definition on input line 2.


Package xcolor Warning: Incompatible color definition on input line 3.


Package xcolor Warning: Incompatible color definition on input line 3.


Package xcolor Warning: Incompatible color definition on input line 5.


Package xcolor Warning: Incompatible color definition on input line 5.


Package xcolor Warning: Incompatible color definition on input line 5.


Package xcolor Warning: Incompatible color definition on input line 6.


Package xcolor Warning: Incompatible color definition on input line 6.

Package babel Info: Redefining spanish shorthand <<
(babel)             in language  on input line 7.
Package babel Info: Redefining spanish shorthand >>
(babel)             in language  on input line 7.
Package babel Info: Redefining spanish shorthand "=
(babel)             in language  on input line 7.
Package babel Info: Redefining spanish shorthand "~
(babel)             in language  on input line 7.
Package babel Info: Redefining spanish shorthand "!
(babel)             in language  on input line 7.
Package babel Info: Redefining spanish shorthand "?
(babel)             in language  on input line 7.
Package babel Info: Redefining spanish shorthand <<
(babel)             in language  on input line 7.
Package babel Info: Redefining spanish shorthand >>
(babel)             in language  on input line 7.
Package babel Info: Redefining spanish shorthand "=
(babel)             in language  on input line 7.
Package babel Info: Redefining spanish shorthand "~
(babel)             in language  on input line 7.
Package babel Info: Redefining spanish shorthand "!
(babel)             in language  on input line 7.
Package babel Info: Redefining spanish shorthand "?
(babel)             in language  on input line 7.
[2pdfTeX warning (ext4): destination with the same identifier (name{table.1}) h
as been already used, duplicate ignored

\AtBegShi@Output ...ipout \box \AtBeginShipoutBox 
                                                  \fi \fi 
l.7 //
      Funcion para multiplicar matrices]

Package xcolor Warning: Incompatible color definition on input line 8.


Package xcolor Warning: Incompatible color definition on input line 8.


Package xcolor Warning: Incompatible color definition on input line 8.


Package xcolor Warning: Incompatible color definition on input line 8.


Package xcolor Warning: Incompatible color definition on input line 10.


Package xcolor Warning: Incompatible color definition on input line 10.


Package xcolor Warning: Incompatible color definition on input line 11.


Package xcolor Warning: Incompatible color definition on input line 12.


Package xcolor Warning: Incompatible color definition on input line 13.


Package xcolor Warning: Incompatible color definition on input line 15.


Package xcolor Warning: Incompatible color definition on input line 15.


Package xcolor Warning: Incompatible color definition on input line 18.


Package xcolor Warning: Incompatible color definition on input line 20.


Package xcolor Warning: Incompatible color definition on input line 25.


Package xcolor Warning: Incompatible color definition on input line 27.


Package xcolor Warning: Incompatible color definition on input line 27.


Package xcolor Warning: Incompatible color definition on input line 27.


Package xcolor Warning: Incompatible color definition on input line 29.


Package xcolor Warning: Incompatible color definition on input line 30.


Package xcolor Warning: Incompatible color definition on input line 30.


Package xcolor Warning: Incompatible color definition on input line 30.


Package xcolor Warning: Incompatible color definition on input line 32.


Package xcolor Warning: Incompatible color definition on input line 32.


Package xcolor Warning: Incompatible color definition on input line 35.

)
Package babel Info: Redefining spanish shorthand <<
(babel)             in language  on input line 58.
Package babel Info: Redefining spanish shorthand >>
(babel)             in language  on input line 58.
Package babel Info: Redefining spanish shorthand "=
(babel)             in language  on input line 58.
Package babel Info: Redefining spanish shorthand "~
(babel)             in language  on input line 58.
Package babel Info: Redefining spanish shorthand "!
(babel)             in language  on input line 58.
Package babel Info: Redefining spanish shorthand "?
(babel)             in language  on input line 58.
Package babel Info: Redefining spanish shorthand <<
(babel)             in language  on input line 61.
Package babel Info: Redefining spanish shorthand >>
(babel)             in language  on input line 61.
Package babel Info: Redefining spanish shorthand "=
(babel)             in language  on input line 61.
Package babel Info: Redefining spanish shorthand "~
(babel)             in language  on input line 61.
Package babel Info: Redefining spanish shorthand "!
(babel)             in language  on input line 61.
Package babel Info: Redefining spanish shorthand "?
(babel)             in language  on input line 61.
Package babel Info: Redefining spanish shorthand <<
(babel)             in language  on input line 61.
Package babel Info: Redefining spanish shorthand >>
(babel)             in language  on input line 61.
Package babel Info: Redefining spanish shorthand "=
(babel)             in language  on input line 61.
Package babel Info: Redefining spanish shorthand "~
(babel)             in language  on input line 61.
Package babel Info: Redefining spanish shorthand "!
(babel)             in language  on input line 61.
Package babel Info: Redefining spanish shorthand "?
(babel)             in language  on input line 61.
 [3] (code/ej1pthread.c

Package xcolor Warning: Incompatible color definition on input line 1.


Package xcolor Warning: Incompatible color definition on input line 1.


Package xcolor Warning: Incompatible color definition on input line 3.


Package xcolor Warning: Incompatible color definition on input line 4.


Package xcolor Warning: Incompatible color definition on input line 5.


Package xcolor Warning: Incompatible color definition on input line 7.


Package xcolor Warning: Incompatible color definition on input line 7.

Package babel Info: Redefining spanish shorthand <<
(babel)             in language  on input line 11.
Package babel Info: Redefining spanish shorthand >>
(babel)             in language  on input line 11.
Package babel Info: Redefining spanish shorthand "=
(babel)             in language  on input line 11.
Package babel Info: Redefining spanish shorthand "~
(babel)             in language  on input line 11.
Package babel Info: Redefining spanish shorthand "!
(babel)             in language  on input line 11.
Package babel Info: Redefining spanish shorthand "?
(babel)             in language  on input line 11.
Package babel Info: Redefining spanish shorthand <<
(babel)             in language  on input line 11.
Package babel Info: Redefining spanish shorthand >>
(babel)             in language  on input line 11.
Package babel Info: Redefining spanish shorthand "=
(babel)             in language  on input line 11.
Package babel Info: Redefining spanish shorthand "~
(babel)             in language  on input line 11.
Package babel Info: Redefining spanish shorthand "!
(babel)             in language  on input line 11.
Package babel Info: Redefining spanish shorthand "?
(babel)             in language  on input line 11.
[4pdfTeX warning (ext4): destination with the same identifier (name{table.2}) h
as been already used, duplicate ignored

\AtBegShi@Output ...ipout \box \AtBeginShipoutBox 
                                                  \fi \fi 
l.11 	//
         Copia A en B pero ordenado por columnas]

Package xcolor Warning: Incompatible color definition on input line 11.


Package xcolor Warning: Incompatible color definition on input line 16.

))
Package babel Info: Redefining spanish shorthand <<
(babel)             in language  on input line 93.
Package babel Info: Redefining spanish shorthand >>
(babel)             in language  on input line 93.
Package babel Info: Redefining spanish shorthand "=
(babel)             in language  on input line 93.
Package babel Info: Redefining spanish shorthand "~
(babel)             in language  on input line 93.
Package babel Info: Redefining spanish shorthand "!
(babel)             in language  on input line 93.
Package babel Info: Redefining spanish shorthand "?
(babel)             in language  on input line 93.
 (tex/ej2o.tex
Package babel Info: Redefining spanish shorthand <<
(babel)             in language  on input line 1.
Package babel Info: Redefining spanish shorthand >>
(babel)             in language  on input line 1.
Package babel Info: Redefining spanish shorthand "=
(babel)             in language  on input line 1.
Package babel Info: Redefining spanish shorthand "~
(babel)             in language  on input line 1.
Package babel Info: Redefining spanish shorthand "!
(babel)             in language  on input line 1.
Package babel Info: Redefining spanish shorthand "?
(babel)             in language  on input line 1.
Package babel Info: Redefining spanish shorthand <<
(babel)             in language  on input line 7.
Package babel Info: Redefining spanish shorthand >>
(babel)             in language  on input line 7.
Package babel Info: Redefining spanish shorthand "=
(babel)             in language  on input line 7.
Package babel Info: Redefining spanish shorthand "~
(babel)             in language  on input line 7.
Package babel Info: Redefining spanish shorthand "!
(babel)             in language  on input line 7.
Package babel Info: Redefining spanish shorthand "?
(babel)             in language  on input line 7.
Package babel Info: Redefining spanish shorthand <<
(babel)             in language  on input line 24.
Package babel Info: Redefining spanish shorthand >>
(babel)             in language  on input line 24.
Package babel Info: Redefining spanish shorthand "=
(babel)             in language  on input line 24.
Package babel Info: Redefining spanish shorthand "~
(babel)             in language  on input line 24.
Package babel Info: Redefining spanish shorthand "!
(babel)             in language  on input line 24.
Package babel Info: Redefining spanish shorthand "?
(babel)             in language  on input line 24.
Package babel Info: Redefining spanish shorthand <<
(babel)             in language  on input line 29.
Package babel Info: Redefining spanish shorthand >>
(babel)             in language  on input line 29.
Package babel Info: Redefining spanish shorthand "=
(babel)             in language  on input line 29.
Package babel Info: Redefining spanish shorthand "~
(babel)             in language  on input line 29.
Package babel Info: Redefining spanish shorthand "!
(babel)             in language  on input line 29.
Package babel Info: Redefining spanish shorthand "?
(babel)             in language  on input line 29.
Package babel Info: Redefining spanish shorthand <<
(babel)             in language  on input line 29.
Package babel Info: Redefining spanish shorthand >>
(babel)             in language  on input line 29.
Package babel Info: Redefining spanish shorthand "=
(babel)             in language  on input line 29.
Package babel Info: Redefining spanish shorthand "~
(babel)             in language  on input line 29.
Package babel Info: Redefining spanish shorthand "!
(babel)             in language  on input line 29.
Package babel Info: Redefining spanish shorthand "?
(babel)             in language  on input line 29.
 [5pdfTeX warning (ext4): destination with the same identifier (name{table.3}) 
has been already used, duplicate ignored

\AtBegShi@Output ...ipout \box \AtBeginShipoutBox 
                                                  \fi \fi 
l.29 \item \textbf
                  {escalarPorMatriz(double *A, double *C, double escalar, in...
]
Overfull \hbox (2.59592pt too wide) in paragraph at lines 29--30
[]\OT1/cmr/bx/n/12 escalarPorMatriz(double *A, dou-ble *C, dou-ble es-ca-lar, i
nt length):
 []

(code/ej2opendinamic.c

Package xcolor Warning: Incompatible color definition on input line 1.


Package xcolor Warning: Incompatible color definition on input line 1.


Package xcolor Warning: Incompatible color definition on input line 1.


Package xcolor Warning: Incompatible color definition on input line 1.


Package xcolor Warning: Incompatible color definition on input line 3.


Package xcolor Warning: Incompatible color definition on input line 4.


Package xcolor Warning: Incompatible color definition on input line 5.


Package xcolor Warning: Incompatible color definition on input line 5.


Package xcolor Warning: Incompatible color definition on input line 6.


Package xcolor Warning: Incompatible color definition on input line 8.


Package xcolor Warning: Incompatible color definition on input line 10.


Package xcolor Warning: Incompatible color definition on input line 11.

Package babel Info: Redefining spanish shorthand <<
(babel)             in language  on input line 12.
Package babel Info: Redefining spanish shorthand >>
(babel)             in language  on input line 12.
Package babel Info: Redefining spanish shorthand "=
(babel)             in language  on input line 12.
Package babel Info: Redefining spanish shorthand "~
(babel)             in language  on input line 12.
Package babel Info: Redefining spanish shorthand "!
(babel)             in language  on input line 12.
Package babel Info: Redefining spanish shorthand "?
(babel)             in language  on input line 12.
Package babel Info: Redefining spanish shorthand <<
(babel)             in language  on input line 12.
Package babel Info: Redefining spanish shorthand >>
(babel)             in language  on input line 12.
Package babel Info: Redefining spanish shorthand "=
(babel)             in language  on input line 12.
Package babel Info: Redefining spanish shorthand "~
(babel)             in language  on input line 12.
Package babel Info: Redefining spanish shorthand "!
(babel)             in language  on input line 12.
Package babel Info: Redefining spanish shorthand "?
(babel)             in language  on input line 12.
[6pdfTeX warning (ext4): destination with the same identifier (name{table.4}) h
as been already used, duplicate ignored

\AtBegShi@Output ...ipout \box \AtBeginShipoutBox 
                                                  \fi \fi 
l.12 			{
         ]

Package xcolor Warning: Incompatible color definition on input line 15.


Package xcolor Warning: Incompatible color definition on input line 20.


Package xcolor Warning: Incompatible color definition on input line 20.


Package xcolor Warning: Incompatible color definition on input line 20.


Package xcolor Warning: Incompatible color definition on input line 20.


Package xcolor Warning: Incompatible color definition on input line 20.


Package xcolor Warning: Incompatible color definition on input line 22.


Package xcolor Warning: Incompatible color definition on input line 23.


Package xcolor Warning: Incompatible color definition on input line 24.


Package xcolor Warning: Incompatible color definition on input line 25.


Package xcolor Warning: Incompatible color definition on input line 25.


Package xcolor Warning: Incompatible color definition on input line 27.


Package xcolor Warning: Incompatible color definition on input line 30.


Package xcolor Warning: Incompatible color definition on input line 30.


Package xcolor Warning: Incompatible color definition on input line 35.

)
Package babel Info: Redefining spanish shorthand <<
(babel)             in language  on input line 50.
Package babel Info: Redefining spanish shorthand >>
(babel)             in language  on input line 50.
Package babel Info: Redefining spanish shorthand "=
(babel)             in language  on input line 50.
Package babel Info: Redefining spanish shorthand "~
(babel)             in language  on input line 50.
Package babel Info: Redefining spanish shorthand "!
(babel)             in language  on input line 50.
Package babel Info: Redefining spanish shorthand "?
(babel)             in language  on input line 50.
Package babel Info: Redefining spanish shorthand <<
(babel)             in language  on input line 50.
Package babel Info: Redefining spanish shorthand >>
(babel)             in language  on input line 50.
Package babel Info: Redefining spanish shorthand "=
(babel)             in language  on input line 50.
Package babel Info: Redefining spanish shorthand "~
(babel)             in language  on input line 50.
Package babel Info: Redefining spanish shorthand "!
(babel)             in language  on input line 50.
Package babel Info: Redefining spanish shorthand "?
(babel)             in language  on input line 50.
 [7]
Package babel Info: Redefining spanish shorthand <<
(babel)             in language  on input line 75.
Package babel Info: Redefining spanish shorthand >>
(babel)             in language  on input line 75.
Package babel Info: Redefining spanish shorthand "=
(babel)             in language  on input line 75.
Package babel Info: Redefining spanish shorthand "~
(babel)             in language  on input line 75.
Package babel Info: Redefining spanish shorthand "!
(babel)             in language  on input line 75.
Package babel Info: Redefining spanish shorthand "?
(babel)             in language  on input line 75.
 (code/ej2threadargs.c

Package xcolor Warning: Incompatible color definition on input line 1.


Package xcolor Warning: Incompatible color definition on input line 1.


Package xcolor Warning: Incompatible color definition on input line 3.


Package xcolor Warning: Incompatible color definition on input line 4.


Package xcolor Warning: Incompatible color definition on input line 5.


Package xcolor Warning: Incompatible color definition on input line 5.


Package xcolor Warning: Incompatible color definition on input line 6.


Package xcolor Warning: Incompatible color definition on input line 7.


Package xcolor Warning: Incompatible color definition on input line 8.

)
Package babel Info: Redefining spanish shorthand <<
(babel)             in language  on input line 82.
Package babel Info: Redefining spanish shorthand >>
(babel)             in language  on input line 82.
Package babel Info: Redefining spanish shorthand "=
(babel)             in language  on input line 82.
Package babel Info: Redefining spanish shorthand "~
(babel)             in language  on input line 82.
Package babel Info: Redefining spanish shorthand "!
(babel)             in language  on input line 82.
Package babel Info: Redefining spanish shorthand "?
(babel)             in language  on input line 82.
Package babel Info: Redefining spanish shorthand <<
(babel)             in language  on input line 82.
Package babel Info: Redefining spanish shorthand >>
(babel)             in language  on input line 82.
Package babel Info: Redefining spanish shorthand "=
(babel)             in language  on input line 82.
Package babel Info: Redefining spanish shorthand "~
(babel)             in language  on input line 82.
Package babel Info: Redefining spanish shorthand "!
(babel)             in language  on input line 82.
Package babel Info: Redefining spanish shorthand "?
(babel)             in language  on input line 82.
 [8pdfTeX warning (ext4): destination with the same identifier (name{table.5}) 
has been already used, duplicate ignored

\AtBegShi@Output ...ipout \box \AtBeginShipoutBox 
                                                  \fi \fi 
l.82 
     ] (code/sumarmatriz.c

Package xcolor Warning: Incompatible color definition on input line 1.


Package xcolor Warning: Incompatible color definition on input line 1.


Package xcolor Warning: Incompatible color definition on input line 1.


Package xcolor Warning: Incompatible color definition on input line 1.


Package xcolor Warning: Incompatible color definition on input line 3.


Package xcolor Warning: Incompatible color definition on input line 5.


Package xcolor Warning: Incompatible color definition on input line 5.


Package xcolor Warning: Incompatible color definition on input line 5.


Package xcolor Warning: Incompatible color definition on input line 10.

) (code/ej2pthread.c

Package xcolor Warning: Incompatible color definition on input line 1.


Package xcolor Warning: Incompatible color definition on input line 1.


Package xcolor Warning: Incompatible color definition on input line 5.


Package xcolor Warning: Incompatible color definition on input line 8.


Package xcolor Warning: Incompatible color definition on input line 10.


Package xcolor Warning: Incompatible color definition on input line 16.


Package xcolor Warning: Incompatible color definition on input line 18.

Package babel Info: Redefining spanish shorthand <<
(babel)             in language  on input line 19.
Package babel Info: Redefining spanish shorthand >>
(babel)             in language  on input line 19.
Package babel Info: Redefining spanish shorthand "=
(babel)             in language  on input line 19.
Package babel Info: Redefining spanish shorthand "~
(babel)             in language  on input line 19.
Package babel Info: Redefining spanish shorthand "!
(babel)             in language  on input line 19.
Package babel Info: Redefining spanish shorthand "?
(babel)             in language  on input line 19.
Package babel Info: Redefining spanish shorthand <<
(babel)             in language  on input line 19.
Package babel Info: Redefining spanish shorthand >>
(babel)             in language  on input line 19.
Package babel Info: Redefining spanish shorthand "=
(babel)             in language  on input line 19.
Package babel Info: Redefining spanish shorthand "~
(babel)             in language  on input line 19.
Package babel Info: Redefining spanish shorthand "!
(babel)             in language  on input line 19.
Package babel Info: Redefining spanish shorthand "?
(babel)             in language  on input line 19.
[9]

Package xcolor Warning: Incompatible color definition on input line 20.


Package xcolor Warning: Incompatible color definition on input line 26.


Package xcolor Warning: Incompatible color definition on input line 30.


Package xcolor Warning: Incompatible color definition on input line 30.


Package xcolor Warning: Incompatible color definition on input line 35.


Package xcolor Warning: Incompatible color definition on input line 40.


Package xcolor Warning: Incompatible color definition on input line 45.


Package xcolor Warning: Incompatible color definition on input line 51.


Package xcolor Warning: Incompatible color definition on input line 56.

Package babel Info: Redefining spanish shorthand <<
(babel)             in language  on input line 58.
Package babel Info: Redefining spanish shorthand >>
(babel)             in language  on input line 58.
Package babel Info: Redefining spanish shorthand "=
(babel)             in language  on input line 58.
Package babel Info: Redefining spanish shorthand "~
(babel)             in language  on input line 58.
Package babel Info: Redefining spanish shorthand "!
(babel)             in language  on input line 58.
Package babel Info: Redefining spanish shorthand "?
(babel)             in language  on input line 58.
Package babel Info: Redefining spanish shorthand <<
(babel)             in language  on input line 58.
Package babel Info: Redefining spanish shorthand >>
(babel)             in language  on input line 58.
Package babel Info: Redefining spanish shorthand "=
(babel)             in language  on input line 58.
Package babel Info: Redefining spanish shorthand "~
(babel)             in language  on input line 58.
Package babel Info: Redefining spanish shorthand "!
(babel)             in language  on input line 58.
Package babel Info: Redefining spanish shorthand "?
(babel)             in language  on input line 58.
[10]

Package xcolor Warning: Incompatible color definition on input line 60.


Package xcolor Warning: Incompatible color definition on input line 65.


Package xcolor Warning: Incompatible color definition on input line 70.


Package xcolor Warning: Incompatible color definition on input line 75.


Package xcolor Warning: Incompatible color definition on input line 80.


Package xcolor Warning: Incompatible color definition on input line 85.


Package xcolor Warning: Incompatible color definition on input line 91.

Package babel Info: Redefining spanish shorthand <<
(babel)             in language  on input line 94.
Package babel Info: Redefining spanish shorthand >>
(babel)             in language  on input line 94.
Package babel Info: Redefining spanish shorthand "=
(babel)             in language  on input line 94.
Package babel Info: Redefining spanish shorthand "~
(babel)             in language  on input line 94.
Package babel Info: Redefining spanish shorthand "!
(babel)             in language  on input line 94.
Package babel Info: Redefining spanish shorthand "?
(babel)             in language  on input line 94.
Package babel Info: Redefining spanish shorthand <<
(babel)             in language  on input line 94.
Package babel Info: Redefining spanish shorthand >>
(babel)             in language  on input line 94.
Package babel Info: Redefining spanish shorthand "=
(babel)             in language  on input line 94.
Package babel Info: Redefining spanish shorthand "~
(babel)             in language  on input line 94.
Package babel Info: Redefining spanish shorthand "!
(babel)             in language  on input line 94.
Package babel Info: Redefining spanish shorthand "?
(babel)             in language  on input line 94.
[11]

Package xcolor Warning: Incompatible color definition on input line 96.


Package xcolor Warning: Incompatible color definition on input line 100.


Package xcolor Warning: Incompatible color definition on input line 106.


Package xcolor Warning: Incompatible color definition on input line 110.

))
Package babel Info: Redefining spanish shorthand <<
(babel)             in language  on input line 97.
Package babel Info: Redefining spanish shorthand >>
(babel)             in language  on input line 97.
Package babel Info: Redefining spanish shorthand "=
(babel)             in language  on input line 97.
Package babel Info: Redefining spanish shorthand "~
(babel)             in language  on input line 97.
Package babel Info: Redefining spanish shorthand "!
(babel)             in language  on input line 97.
Package babel Info: Redefining spanish shorthand "?
(babel)             in language  on input line 97.
 (tex/ej3o.tex
Package babel Info: Redefining spanish shorthand <<
(babel)             in language  on input line 1.
Package babel Info: Redefining spanish shorthand >>
(babel)             in language  on input line 1.
Package babel Info: Redefining spanish shorthand "=
(babel)             in language  on input line 1.
Package babel Info: Redefining spanish shorthand "~
(babel)             in language  on input line 1.
Package babel Info: Redefining spanish shorthand "!
(babel)             in language  on input line 1.
Package babel Info: Redefining spanish shorthand "?
(babel)             in language  on input line 1.
Package babel Info: Redefining spanish shorthand <<
(babel)             in language  on input line 5.
Package babel Info: Redefining spanish shorthand >>
(babel)             in language  on input line 5.
Package babel Info: Redefining spanish shorthand "=
(babel)             in language  on input line 5.
Package babel Info: Redefining spanish shorthand "~
(babel)             in language  on input line 5.
Package babel Info: Redefining spanish shorthand "!
(babel)             in language  on input line 5.
Package babel Info: Redefining spanish shorthand "?
(babel)             in language  on input line 5.
Package babel Info: Redefining spanish shorthand <<
(babel)             in language  on input line 5.
Package babel Info: Redefining spanish shorthand >>
(babel)             in language  on input line 5.
Package babel Info: Redefining spanish shorthand "=
(babel)             in language  on input line 5.
Package babel Info: Redefining spanish shorthand "~
(babel)             in language  on input line 5.
Package babel Info: Redefining spanish shorthand "!
(babel)             in language  on input line 5.
Package babel Info: Redefining spanish shorthand "?
(babel)             in language  on input line 5.
 [12pdfTeX warning (ext4): destination with the same identifier (name{table.6})
 has been already used, duplicate ignored

\AtBegShi@Output ...ipout \box \AtBeginShipoutBox 
                                                  \fi \fi 
l.5 
    ]
Package babel Info: Redefining spanish shorthand <<
(babel)             in language  on input line 6.
Package babel Info: Redefining spanish shorthand >>
(babel)             in language  on input line 6.
Package babel Info: Redefining spanish shorthand "=
(babel)             in language  on input line 6.
Package babel Info: Redefining spanish shorthand "~
(babel)             in language  on input line 6.
Package babel Info: Redefining spanish shorthand "!
(babel)             in language  on input line 6.
Package babel Info: Redefining spanish shorthand "?
(babel)             in language  on input line 6.
Package babel Info: Redefining spanish shorthand <<
(babel)             in language  on input line 23.
Package babel Info: Redefining spanish shorthand >>
(babel)             in language  on input line 23.
Package babel Info: Redefining spanish shorthand "=
(babel)             in language  on input line 23.
Package babel Info: Redefining spanish shorthand "~
(babel)             in language  on input line 23.
Package babel Info: Redefining spanish shorthand "!
(babel)             in language  on input line 23.
Package babel Info: Redefining spanish shorthand "?
(babel)             in language  on input line 23.
 (code/ej3.c

Package xcolor Warning: Incompatible color definition on input line 2.


Package xcolor Warning: Incompatible color definition on input line 3.


Package xcolor Warning: Incompatible color definition on input line 5.


Package xcolor Warning: Incompatible color definition on input line 5.

))
Package babel Info: Redefining spanish shorthand <<
(babel)             in language  on input line 101.
Package babel Info: Redefining spanish shorthand >>
(babel)             in language  on input line 101.
Package babel Info: Redefining spanish shorthand "=
(babel)             in language  on input line 101.
Package babel Info: Redefining spanish shorthand "~
(babel)             in language  on input line 101.
Package babel Info: Redefining spanish shorthand "!
(babel)             in language  on input line 101.
Package babel Info: Redefining spanish shorthand "?
(babel)             in language  on input line 101.
 (tex/conclusiones.tex
Package babel Info: Redefining spanish shorthand <<
(babel)             in language  on input line 4.
Package babel Info: Redefining spanish shorthand >>
(babel)             in language  on input line 4.
Package babel Info: Redefining spanish shorthand "=
(babel)             in language  on input line 4.
Package babel Info: Redefining spanish shorthand "~
(babel)             in language  on input line 4.
Package babel Info: Redefining spanish shorthand "!
(babel)             in language  on input line 4.
Package babel Info: Redefining spanish shorthand "?
(babel)             in language  on input line 4.
Package babel Info: Redefining spanish shorthand <<
(babel)             in language  on input line 4.
Package babel Info: Redefining spanish shorthand >>
(babel)             in language  on input line 4.
Package babel Info: Redefining spanish shorthand "=
(babel)             in language  on input line 4.
Package babel Info: Redefining spanish shorthand "~
(babel)             in language  on input line 4.
Package babel Info: Redefining spanish shorthand "!
(babel)             in language  on input line 4.
Package babel Info: Redefining spanish shorthand "?
(babel)             in language  on input line 4.
 [13pdfTeX warning (ext4): destination with the same identifier (name{table.7})
 has been already used, duplicate ignored

\AtBegShi@Output ...ipout \box \AtBeginShipoutBox 
                                                  \fi \fi 
l.4 \item E
           l rendimiento de ambas APIs (POSIX Threads y Openmp) es casi iden...
pdfTeX warning (ext4): destination with the same identifier (name{table.8}) has
 been already used, duplicate ignored

\AtBegShi@Output ...ipout \box \AtBeginShipoutBox 
                                                  \fi \fi 
l.4 \item E
           l rendimiento de ambas APIs (POSIX Threads y Openmp) es casi iden...
]) 
AED: lastpage setting LastPage
Package babel Info: Redefining spanish shorthand <<
(babel)             in language  on input line 105.
Package babel Info: Redefining spanish shorthand >>
(babel)             in language  on input line 105.
Package babel Info: Redefining spanish shorthand "=
(babel)             in language  on input line 105.
Package babel Info: Redefining spanish shorthand "~
(babel)             in language  on input line 105.
Package babel Info: Redefining spanish shorthand "!
(babel)             in language  on input line 105.
Package babel Info: Redefining spanish shorthand "?
(babel)             in language  on input line 105.
Package babel Info: Redefining spanish shorthand <<
(babel)             in language  on input line 105.
Package babel Info: Redefining spanish shorthand >>
(babel)             in language  on input line 105.
Package babel Info: Redefining spanish shorthand "=
(babel)             in language  on input line 105.
Package babel Info: Redefining spanish shorthand "~
(babel)             in language  on input line 105.
Package babel Info: Redefining spanish shorthand "!
(babel)             in language  on input line 105.
Package babel Info: Redefining spanish shorthand "?
(babel)             in language  on input line 105.
[14]
Package babel Info: Redefining spanish shorthand <<
(babel)             in language  on input line 105.
Package babel Info: Redefining spanish shorthand >>
(babel)             in language  on input line 105.
Package babel Info: Redefining spanish shorthand "=
(babel)             in language  on input line 105.
Package babel Info: Redefining spanish shorthand "~
(babel)             in language  on input line 105.
Package babel Info: Redefining spanish shorthand "!
(babel)             in language  on input line 105.
Package babel Info: Redefining spanish shorthand "?
(babel)             in language  on input line 105.
Package atveryend Info: Empty hook `BeforeClearDocument' on input line 105.
Package atveryend Info: Empty hook `AfterLastShipout' on input line 105.
 (main.aux
LaTeX Info: Redefining \. on input line 23.
LaTeX Info: Redefining \% on input line 23.
)
Package atveryend Info: Executing hook `AtVeryEndDocument' on input line 105.
Package atveryend Info: Executing hook `AtEndAfterFileList' on input line 105.
Package rerunfilecheck Info: File `main.out' has not changed.
(rerunfilecheck)             Checksum: 644ED8F12A5D4368D8B9BCB1397A109A;977.
Package atveryend Info: Empty hook `AtVeryVeryEnd' on input line 105.
 ) 
Here is how much of TeX's memory you used:
 12602 strings out of 493323
 180147 string characters out of 3139059
 559940 words of memory out of 3000000
 15611 multiletter control sequences out of 15000+200000
 15801 words of font info for 55 fonts, out of 3000000 for 9000
 1141 hyphenation exceptions out of 8191
 40i,12n,54p,703b,1967s stack positions out of 5000i,500n,10000p,200000b,50000s
{C:/Program Files/MiKTeX 2.9/fonts/enc/dvips/base/8r.enc}<C:/Program Files/Mi
KTeX 2.9/fonts/type1/public/amsfonts/cm/cmbx10.pfb><C:/Program Files/MiKTeX 2.9
/fonts/type1/public/amsfonts/cm/cmbx12.pfb><C:/Program Files/MiKTeX 2.9/fonts/t
ype1/public/amsfonts/cm/cmcsc10.pfb><C:/Program Files/MiKTeX 2.9/fonts/type1/pu
blic/amsfonts/cm/cmmi10.pfb><C:/Program Files/MiKTeX 2.9/fonts/type1/public/ams
fonts/cm/cmmi12.pfb><C:/Program Files/MiKTeX 2.9/fonts/type1/public/amsfonts/cm
/cmr12.pfb><C:/Program Files/MiKTeX 2.9/fonts/type1/public/amsfonts/cm/cmr6.pfb
><C:/Program Files/MiKTeX 2.9/fonts/type1/public/amsfonts/cm/cmsy10.pfb><C:/Pro
gram Files/MiKTeX 2.9/fonts/type1/public/amsfonts/cm/cmti12.pfb><C:/Program Fil
es/MiKTeX 2.9/fonts/type1/urw/courier/ucrr8a.pfb><C:/Program Files/MiKTeX 2.9/f
onts/type1/urw/courier/ucrro8a.pfb>
Output written on main.pdf (15 pages, 225885 bytes).
PDF statistics:
 514 PDF objects out of 1000 (max. 8388607)
 289 named destinations out of 1000 (max. 500000)
 137 words of extra memory for PDF output out of 10000 (max. 10000000)

